<?xml version="1.0" encoding="UTF-8"?>
<testng-results ignored="0" total="3" passed="3" failed="0" skipped="0">
  <reporter-output>
  </reporter-output>
  <suite started-at="2022-06-09T13:24:40 IST" name="Default suite" finished-at="2022-06-09T13:26:08 IST" duration-ms="88536">
    <groups>
      <group name="regression">
        <method signature="ValidatingRequestQuotation.ValidatingCalculatePremiumTest()[pri:1, instance:com.Sprint.ValidatingRequestQuotation@71def8f8]" name="ValidatingCalculatePremiumTest" class="com.Sprint.ValidatingRequestQuotation"/>
      </group> <!-- regression -->
    </groups>
    <test started-at="2022-06-09T13:24:40 IST" name="Default test" finished-at="2022-06-09T13:26:08 IST" duration-ms="88536">
      <class name="com.Sprint.ValidatingRequestQuotation">
        <test-method is-config="true" signature="setUp()[pri:0, instance:com.Sprint.ValidatingRequestQuotation@71def8f8]" started-at="2022-06-09T13:24:40 IST" name="setUp" finished-at="2022-06-09T13:24:45 IST" duration-ms="5019" status="PASS">
          <reporter-output>
          </reporter-output>
        </test-method> <!-- setUp -->
        <test-method signature="ValidatingCalculatePremiumTest()[pri:1, instance:com.Sprint.ValidatingRequestQuotation@71def8f8]" started-at="2022-06-09T13:24:45 IST" name="ValidatingCalculatePremiumTest" finished-at="2022-06-09T13:25:23 IST" duration-ms="38142" status="PASS">
          <reporter-output>
          </reporter-output>
        </test-method> <!-- ValidatingCalculatePremiumTest -->
        <test-method is-config="true" signature="tearDown()[pri:0, instance:com.Sprint.ValidatingRequestQuotation@71def8f8]" started-at="2022-06-09T13:25:23 IST" name="tearDown" finished-at="2022-06-09T13:25:23 IST" duration-ms="286" status="PASS">
          <reporter-output>
          </reporter-output>
        </test-method> <!-- tearDown -->
        <test-method is-config="true" signature="setUp()[pri:0, instance:com.Sprint.ValidatingRequestQuotation@71def8f8]" started-at="2022-06-09T13:25:23 IST" name="setUp" finished-at="2022-06-09T13:25:27 IST" duration-ms="3587" status="PASS">
          <reporter-output>
          </reporter-output>
        </test-method> <!-- setUp -->
        <test-method signature="ValidatingResetFormButtonTest()[pri:2, instance:com.Sprint.ValidatingRequestQuotation@71def8f8]" started-at="2022-06-09T13:25:27 IST" name="ValidatingResetFormButtonTest" finished-at="2022-06-09T13:25:28 IST" duration-ms="1130" status="PASS">
          <reporter-output>
          </reporter-output>
        </test-method> <!-- ValidatingResetFormButtonTest -->
        <test-method is-config="true" signature="tearDown()[pri:0, instance:com.Sprint.ValidatingRequestQuotation@71def8f8]" started-at="2022-06-09T13:25:28 IST" name="tearDown" finished-at="2022-06-09T13:25:28 IST" duration-ms="370" status="PASS">
          <reporter-output>
          </reporter-output>
        </test-method> <!-- tearDown -->
        <test-method is-config="true" signature="setUp()[pri:0, instance:com.Sprint.ValidatingRequestQuotation@71def8f8]" started-at="2022-06-09T13:25:28 IST" name="setUp" finished-at="2022-06-09T13:25:32 IST" duration-ms="3969" status="PASS">
          <reporter-output>
          </reporter-output>
        </test-method> <!-- setUp -->
        <test-method signature="ValidatingSaveQuotationButtonTest()[pri:3, instance:com.Sprint.ValidatingRequestQuotation@71def8f8]" started-at="2022-06-09T13:25:32 IST" name="ValidatingSaveQuotationButtonTest" finished-at="2022-06-09T13:26:08 IST" duration-ms="35427" status="PASS">
          <reporter-output>
          </reporter-output>
        </test-method> <!-- ValidatingSaveQuotationButtonTest -->
        <test-method is-config="true" signature="tearDown()[pri:0, instance:com.Sprint.ValidatingRequestQuotation@71def8f8]" started-at="2022-06-09T13:26:08 IST" name="tearDown" finished-at="2022-06-09T13:26:08 IST" duration-ms="538" status="PASS">
          <reporter-output>
          </reporter-output>
        </test-method> <!-- tearDown -->
      </class> <!-- com.Sprint.ValidatingRequestQuotation -->
    </test> <!-- Default test -->
  </suite> <!-- Default suite -->
</testng-results>
