<?xml version="1.0" encoding="UTF-8"?>
<testng-results ignored="0" total="3" passed="3" failed="0" skipped="0">
  <reporter-output>
  </reporter-output>
  <suite started-at="2022-06-09T11:37:43 IST" name="Default suite" finished-at="2022-06-09T11:38:32 IST" duration-ms="48593">
    <groups>
    </groups>
    <test started-at="2022-06-09T11:37:43 IST" name="Default test" finished-at="2022-06-09T11:38:32 IST" duration-ms="48593">
      <class name="com.Sprint.ValidatingRegisterButton_Title_GuruLogo">
        <test-method is-config="true" signature="setUp()[pri:0, instance:com.Sprint.ValidatingRegisterButton_Title_GuruLogo@71def8f8]" started-at="2022-06-09T11:37:43 IST" name="setUp" finished-at="2022-06-09T11:37:47 IST" duration-ms="3399" status="PASS">
          <reporter-output>
          </reporter-output>
        </test-method> <!-- setUp -->
        <test-method signature="RegisterButtonTest()[pri:1, instance:com.Sprint.ValidatingRegisterButton_Title_GuruLogo@71def8f8]" started-at="2022-06-09T11:37:47 IST" name="RegisterButtonTest" finished-at="2022-06-09T11:38:01 IST" duration-ms="13848" status="PASS">
          <reporter-output>
          </reporter-output>
        </test-method> <!-- RegisterButtonTest -->
        <test-method is-config="true" signature="tearDown()[pri:0, instance:com.Sprint.ValidatingRegisterButton_Title_GuruLogo@71def8f8]" started-at="2022-06-09T11:38:01 IST" name="tearDown" finished-at="2022-06-09T11:38:01 IST" duration-ms="432" status="PASS">
          <reporter-output>
          </reporter-output>
        </test-method> <!-- tearDown -->
        <test-method is-config="true" signature="setUp()[pri:0, instance:com.Sprint.ValidatingRegisterButton_Title_GuruLogo@71def8f8]" started-at="2022-06-09T11:38:01 IST" name="setUp" finished-at="2022-06-09T11:38:04 IST" duration-ms="2403" status="PASS">
          <reporter-output>
          </reporter-output>
        </test-method> <!-- setUp -->
        <test-method signature="VerifyGuruLogoTest()[pri:2, instance:com.Sprint.ValidatingRegisterButton_Title_GuruLogo@71def8f8]" started-at="2022-06-09T11:38:04 IST" name="VerifyGuruLogoTest" finished-at="2022-06-09T11:38:17 IST" duration-ms="13645" status="PASS">
          <reporter-output>
          </reporter-output>
        </test-method> <!-- VerifyGuruLogoTest -->
        <test-method is-config="true" signature="tearDown()[pri:0, instance:com.Sprint.ValidatingRegisterButton_Title_GuruLogo@71def8f8]" started-at="2022-06-09T11:38:17 IST" name="tearDown" finished-at="2022-06-09T11:38:18 IST" duration-ms="485" status="PASS">
          <reporter-output>
          </reporter-output>
        </test-method> <!-- tearDown -->
        <test-method is-config="true" signature="setUp()[pri:0, instance:com.Sprint.ValidatingRegisterButton_Title_GuruLogo@71def8f8]" started-at="2022-06-09T11:38:18 IST" name="setUp" finished-at="2022-06-09T11:38:20 IST" duration-ms="2255" status="PASS">
          <reporter-output>
          </reporter-output>
        </test-method> <!-- setUp -->
        <test-method signature="VerifyGuru99TtitleTest()[pri:3, instance:com.Sprint.ValidatingRegisterButton_Title_GuruLogo@71def8f8]" started-at="2022-06-09T11:38:20 IST" name="VerifyGuru99TtitleTest" finished-at="2022-06-09T11:38:32 IST" duration-ms="11629" status="PASS">
          <reporter-output>
          </reporter-output>
        </test-method> <!-- VerifyGuru99TtitleTest -->
        <test-method is-config="true" signature="tearDown()[pri:0, instance:com.Sprint.ValidatingRegisterButton_Title_GuruLogo@71def8f8]" started-at="2022-06-09T11:38:32 IST" name="tearDown" finished-at="2022-06-09T11:38:32 IST" duration-ms="436" status="PASS">
          <reporter-output>
          </reporter-output>
        </test-method> <!-- tearDown -->
      </class> <!-- com.Sprint.ValidatingRegisterButton_Title_GuruLogo -->
    </test> <!-- Default test -->
  </suite> <!-- Default suite -->
</testng-results>
