<?xml version="1.0" encoding="UTF-8"?>
<!-- Generated by org.testng.reporters.JUnitXMLReporter -->
<testsuite ignored="0" hostname="lin80024259" failures="0" tests="3" name="ValidatingRegisterButton_Title_GuruLogo" time="35.19" errors="0" timestamp="2022-06-08T21:38:50 IST">
  <testcase classname="com.Sprint.ValidatingRegisterButton_Title_GuruLogo" name="RegisterButton" time="8.981"/>
  <testcase classname="com.Sprint.ValidatingRegisterButton_Title_GuruLogo" name="VerifyGuruLogoTest" time="8.871"/>
  <testcase classname="com.Sprint.ValidatingRegisterButton_Title_GuruLogo" name="VerifyGuru99TtitleTest" time="11.051"/>
</testsuite> <!-- ValidatingRegisterButton_Title_GuruLogo -->
