<?xml version="1.0" encoding="UTF-8"?>
<!-- Generated by org.testng.reporters.JUnitXMLReporter -->
<testsuite ignored="0" hostname="lin80024259" failures="0" tests="12" name="Verify Login Page" time="274.829" errors="0" timestamp="2022-06-09T10:14:33 IST">
  <testcase classname="com.Sprint.ValidatingGuruLogoAndTitle" name="VerifyGuruLogoTest" time="5.432"/>
  <testcase classname="com.Sprint.ValidatingGuruLogoAndTitle" name="VerifyGuru99TtitleTest" time="4.403"/>
  <testcase classname="com.Sprint.ValidatingLoginCredentials" name="ValidatingLogInCredentialsTest" time="41.593"/>
  <testcase classname="com.Sprint.ValidatingLoginCredentials" name="Screenshot" time="4.48"/>
  <testcase classname="com.Sprint.ValidatingRegisterButton_Title_GuruLogo" name="RegisterButtonTest" time="10.247"/>
  <testcase classname="com.Sprint.ValidatingRegisterButton_Title_GuruLogo" name="VerifyGuruLogoTest" time="9.377"/>
  <testcase classname="com.Sprint.ValidatingRegisterButton_Title_GuruLogo" name="VerifyGuru99TtitleTest" time="9.124"/>
  <testcase classname="com.Sprint.ValidatingRequestQuotation" name="ValidatingCalculatePremiumTest" time="38.233"/>
  <testcase classname="com.Sprint.ValidatingRequestQuotation" name="ValidatingResetFormButtonTest" time="50.543"/>
  <testcase classname="com.Sprint.ValidatingRequestQuotation" name="ValidatingSaveQuotationButtonTest" time="8.058"/>
  <testcase classname="com.Sprint.ValidationRetrieveQuotation" name="ValidatingSaveQuotationButtonTest" time="35.5"/>
  <testcase classname="com.Sprint.ValidationRetrieveQuotation" name="ValidatingRetrieveQuotationButtonTest" time="16.49"/>
</testsuite> <!-- Verify Login Page -->
