<?xml version="1.0" encoding="UTF-8"?>
<!-- Generated by org.testng.reporters.JUnitXMLReporter -->
<testsuite ignored="0" hostname="lin80024259" failures="0" tests="2" name="ValidatingGuruLogoAndTitle" time="15.758" errors="0" timestamp="2022-06-08T12:36:56 IST">
  <testcase classname="com.Sprint.ValidatingGuruLogoAndTitle" name="VerifyGuruLogoTest" time="4.482"/>
  <testcase classname="com.Sprint.ValidatingGuruLogoAndTitle" name="VerifyGuru99TtitleTest" time="3.987"/>
</testsuite> <!-- ValidatingGuruLogoAndTitle -->
