<?xml version="1.0" encoding="UTF-8"?>
<!-- Generated by org.testng.reporters.JUnitXMLReporter -->
<testsuite ignored="0" hostname="lin80024259" failures="0" tests="3" name="Default test" time="48.593" errors="0" timestamp="2022-06-09T11:38:32 IST">
  <testcase classname="com.Sprint.ValidatingRegisterButton_Title_GuruLogo" name="RegisterButtonTest" time="13.848"/>
  <testcase classname="com.Sprint.ValidatingRegisterButton_Title_GuruLogo" name="VerifyGuruLogoTest" time="13.645"/>
  <testcase classname="com.Sprint.ValidatingRegisterButton_Title_GuruLogo" name="VerifyGuru99TtitleTest" time="11.629"/>
</testsuite> <!-- Default test -->
