<?xml version="1.0" encoding="UTF-8"?>
<!-- Generated by org.testng.reporters.JUnitXMLReporter -->
<testsuite ignored="0" hostname="lin80024259" failures="0" tests="3" name="Default test" time="88.536" errors="0" timestamp="2022-06-09T13:26:08 IST">
  <testcase classname="com.Sprint.ValidatingRequestQuotation" name="ValidatingCalculatePremiumTest" time="38.142"/>
  <testcase classname="com.Sprint.ValidatingRequestQuotation" name="ValidatingResetFormButtonTest" time="1.13"/>
  <testcase classname="com.Sprint.ValidatingRequestQuotation" name="ValidatingSaveQuotationButtonTest" time="35.427"/>
</testsuite> <!-- Default test -->
